{"/mnt/c/Users/STD/Desktop/courses/401d3/api-server/lib/server.js": {"path":"/mnt/c/Users/STD/Desktop/courses/401d3/api-server/lib/server.js","statementMap":{"0":{"start":{"line":2,"column":16},"end":{"line":2,"column":34}},"1":{"start":{"line":3,"column":12},"end":{"line":3,"column":21}},"2":{"start":{"line":4,"column":13},"end":{"line":4,"column":28}},"3":{"start":{"line":6,"column":18},"end":{"line":6,"column":52}},"4":{"start":{"line":7,"column":15},"end":{"line":7,"column":46}},"5":{"start":{"line":8,"column":17},"end":{"line":8,"column":45}},"6":{"start":{"line":9,"column":17},"end":{"line":9,"column":45}},"7":{"start":{"line":11,"column":0},"end":{"line":11,"column":16}},"8":{"start":{"line":12,"column":0},"end":{"line":12,"column":24}},"9":{"start":{"line":13,"column":0},"end":{"line":13,"column":19}},"10":{"start":{"line":14,"column":0},"end":{"line":14,"column":16}},"11":{"start":{"line":16,"column":0},"end":{"line":18,"column":3}},"12":{"start":{"line":17,"column":2},"end":{"line":17,"column":31}},"13":{"start":{"line":21,"column":0},"end":{"line":21,"column":42}},"14":{"start":{"line":22,"column":0},"end":{"line":22,"column":50}},"15":{"start":{"line":23,"column":0},"end":{"line":23,"column":44}},"16":{"start":{"line":24,"column":0},"end":{"line":24,"column":50}},"17":{"start":{"line":25,"column":0},"end":{"line":25,"column":56}},"18":{"start":{"line":27,"column":0},"end":{"line":27,"column":38}},"19":{"start":{"line":28,"column":0},"end":{"line":28,"column":46}},"20":{"start":{"line":29,"column":0},"end":{"line":29,"column":40}},"21":{"start":{"line":30,"column":0},"end":{"line":30,"column":46}},"22":{"start":{"line":31,"column":0},"end":{"line":31,"column":52}},"23":{"start":{"line":33,"column":0},"end":{"line":33,"column":31}},"24":{"start":{"line":37,"column":2},"end":{"line":37,"column":33}},"25":{"start":{"line":42,"column":9},"end":{"line":42,"column":40}},"26":{"start":{"line":43,"column":12},"end":{"line":43,"column":14}},"27":{"start":{"line":46,"column":2},"end":{"line":46,"column":30}},"28":{"start":{"line":50,"column":13},"end":{"line":50,"column":21}},"29":{"start":{"line":51,"column":2},"end":{"line":51,"column":19}},"30":{"start":{"line":52,"column":2},"end":{"line":52,"column":30}},"31":{"start":{"line":56,"column":11},"end":{"line":56,"column":28}},"32":{"start":{"line":57,"column":2},"end":{"line":57,"column":34}},"33":{"start":{"line":61,"column":13},"end":{"line":61,"column":21}},"34":{"start":{"line":62,"column":11},"end":{"line":62,"column":28}},"35":{"start":{"line":63,"column":2},"end":{"line":63,"column":19}},"36":{"start":{"line":64,"column":2},"end":{"line":64,"column":30}},"37":{"start":{"line":68,"column":11},"end":{"line":68,"column":28}},"38":{"start":{"line":69,"column":2},"end":{"line":69,"column":22}},"39":{"start":{"line":70,"column":2},"end":{"line":70,"column":30}},"40":{"start":{"line":76,"column":2},"end":{"line":76,"column":27}},"41":{"start":{"line":80,"column":13},"end":{"line":80,"column":21}},"42":{"start":{"line":81,"column":2},"end":{"line":81,"column":16}},"43":{"start":{"line":82,"column":2},"end":{"line":82,"column":27}},"44":{"start":{"line":87,"column":11},"end":{"line":87,"column":28}},"45":{"start":{"line":88,"column":2},"end":{"line":88,"column":31}},"46":{"start":{"line":92,"column":13},"end":{"line":92,"column":21}},"47":{"start":{"line":93,"column":11},"end":{"line":93,"column":28}},"48":{"start":{"line":94,"column":2},"end":{"line":94,"column":16}},"49":{"start":{"line":95,"column":2},"end":{"line":95,"column":27}},"50":{"start":{"line":99,"column":11},"end":{"line":99,"column":28}},"51":{"start":{"line":100,"column":2},"end":{"line":100,"column":19}},"52":{"start":{"line":101,"column":2},"end":{"line":101,"column":27}},"53":{"start":{"line":105,"column":0},"end":{"line":105,"column":18}},"54":{"start":{"line":106,"column":0},"end":{"line":106,"column":18}},"55":{"start":{"line":109,"column":0},"end":{"line":112,"column":2}},"56":{"start":{"line":111,"column":26},"end":{"line":111,"column":103}},"57":{"start":{"line":111,"column":55},"end":{"line":111,"column":102}}},"fnMap":{"0":{"name":"(anonymous_0)","decl":{"start":{"line":16,"column":13},"end":{"line":16,"column":14}},"loc":{"start":{"line":16,"column":27},"end":{"line":18,"column":1}},"line":16},"1":{"name":"fakeError","decl":{"start":{"line":36,"column":9},"end":{"line":36,"column":18}},"loc":{"start":{"line":36,"column":32},"end":{"line":38,"column":1}},"line":36},"2":{"name":"categoriesGetFunc","decl":{"start":{"line":45,"column":9},"end":{"line":45,"column":26}},"loc":{"start":{"line":45,"column":37},"end":{"line":47,"column":1}},"line":45},"3":{"name":"categoriesPostFunc","decl":{"start":{"line":49,"column":9},"end":{"line":49,"column":27}},"loc":{"start":{"line":49,"column":38},"end":{"line":53,"column":1}},"line":49},"4":{"name":"categoriesGetByIDFunc","decl":{"start":{"line":55,"column":9},"end":{"line":55,"column":30}},"loc":{"start":{"line":55,"column":41},"end":{"line":58,"column":1}},"line":55},"5":{"name":"categoriesPUTByIDFunc","decl":{"start":{"line":60,"column":9},"end":{"line":60,"column":30}},"loc":{"start":{"line":60,"column":41},"end":{"line":65,"column":1}},"line":60},"6":{"name":"categoriesDeleteByIDFunc","decl":{"start":{"line":67,"column":9},"end":{"line":67,"column":33}},"loc":{"start":{"line":67,"column":44},"end":{"line":71,"column":1}},"line":67},"7":{"name":"productsGetFunc","decl":{"start":{"line":75,"column":9},"end":{"line":75,"column":24}},"loc":{"start":{"line":75,"column":35},"end":{"line":77,"column":1}},"line":75},"8":{"name":"productsPostFunc","decl":{"start":{"line":79,"column":9},"end":{"line":79,"column":25}},"loc":{"start":{"line":79,"column":36},"end":{"line":84,"column":1}},"line":79},"9":{"name":"productsGetByIDFunc","decl":{"start":{"line":86,"column":9},"end":{"line":86,"column":28}},"loc":{"start":{"line":86,"column":39},"end":{"line":89,"column":1}},"line":86},"10":{"name":"productsPUTByIDFunc","decl":{"start":{"line":91,"column":9},"end":{"line":91,"column":28}},"loc":{"start":{"line":91,"column":39},"end":{"line":96,"column":1}},"line":91},"11":{"name":"productsDeleteByIDFunc","decl":{"start":{"line":98,"column":9},"end":{"line":98,"column":31}},"loc":{"start":{"line":98,"column":42},"end":{"line":102,"column":1}},"line":98},"12":{"name":"(anonymous_12)","decl":{"start":{"line":111,"column":10},"end":{"line":111,"column":11}},"loc":{"start":{"line":111,"column":26},"end":{"line":111,"column":103}},"line":111},"13":{"name":"(anonymous_13)","decl":{"start":{"line":111,"column":49},"end":{"line":111,"column":50}},"loc":{"start":{"line":111,"column":55},"end":{"line":111,"column":102}},"line":111}},"branchMap":{},"s":{"0":1,"1":1,"2":1,"3":1,"4":1,"5":1,"6":1,"7":1,"8":1,"9":1,"10":1,"11":1,"12":1,"13":1,"14":1,"15":1,"16":1,"17":1,"18":1,"19":1,"20":1,"21":1,"22":1,"23":1,"24":1,"25":1,"26":1,"27":1,"28":1,"29":1,"30":1,"31":1,"32":1,"33":1,"34":1,"35":1,"36":1,"37":1,"38":1,"39":1,"40":1,"41":1,"42":1,"43":1,"44":1,"45":1,"46":1,"47":1,"48":1,"49":1,"50":1,"51":1,"52":1,"53":1,"54":1,"55":1,"56":0,"57":0},"f":{"0":1,"1":1,"2":1,"3":1,"4":1,"5":1,"6":1,"7":1,"8":1,"9":1,"10":1,"11":1,"12":0,"13":0},"b":{},"_coverageSchema":"1a1c01bbd47fc00a2c39e90264f33305004495a9","hash":"44d9892e39a33faa8b9a5806d21d522cfb42434b"}
,"/mnt/c/Users/STD/Desktop/courses/401d3/api-server/middleware/404.js": {"path":"/mnt/c/Users/STD/Desktop/courses/401d3/api-server/middleware/404.js","statementMap":{"0":{"start":{"line":5,"column":2},"end":{"line":5,"column":18}},"1":{"start":{"line":6,"column":2},"end":{"line":9,"column":5}},"2":{"start":{"line":12,"column":0},"end":{"line":12,"column":33}}},"fnMap":{"0":{"name":"notFoundHandler","decl":{"start":{"line":4,"column":9},"end":{"line":4,"column":24}},"loc":{"start":{"line":4,"column":41},"end":{"line":10,"column":1}},"line":4}},"branchMap":{},"s":{"0":2,"1":2,"2":2},"f":{"0":2},"b":{},"_coverageSchema":"1a1c01bbd47fc00a2c39e90264f33305004495a9","hash":"05575059895df74479116e1f965491ddf2273aa4"}
,"/mnt/c/Users/STD/Desktop/courses/401d3/api-server/middleware/500.js": {"path":"/mnt/c/Users/STD/Desktop/courses/401d3/api-server/middleware/500.js","statementMap":{"0":{"start":{"line":4,"column":2},"end":{"line":4,"column":18}},"1":{"start":{"line":5,"column":2},"end":{"line":8,"column":5}},"2":{"start":{"line":11,"column":0},"end":{"line":11,"column":30}}},"fnMap":{"0":{"name":"errorHandler","decl":{"start":{"line":3,"column":9},"end":{"line":3,"column":21}},"loc":{"start":{"line":3,"column":43},"end":{"line":9,"column":1}},"line":3}},"branchMap":{},"s":{"0":2,"1":2,"2":2},"f":{"0":2},"b":{},"_coverageSchema":"1a1c01bbd47fc00a2c39e90264f33305004495a9","hash":"164ece88890d9c23738a0bec177fca6ab50134bc"}
,"/mnt/c/Users/STD/Desktop/courses/401d3/api-server/middleware/logger.js": {"path":"/mnt/c/Users/STD/Desktop/courses/401d3/api-server/middleware/logger.js","statementMap":{"0":{"start":{"line":4,"column":2},"end":{"line":4,"column":97}},"1":{"start":{"line":5,"column":2},"end":{"line":5,"column":9}},"2":{"start":{"line":9,"column":0},"end":{"line":9,"column":24}}},"fnMap":{"0":{"name":"logger","decl":{"start":{"line":3,"column":9},"end":{"line":3,"column":15}},"loc":{"start":{"line":3,"column":29},"end":{"line":6,"column":1}},"line":3}},"branchMap":{},"s":{"0":15,"1":15,"2":2},"f":{"0":15},"b":{},"_coverageSchema":"1a1c01bbd47fc00a2c39e90264f33305004495a9","hash":"287695163a30619b03f6f99c88dd101e02f8444a"}
,"/mnt/c/Users/STD/Desktop/courses/401d3/api-server/middleware/timestamp.js": {"path":"/mnt/c/Users/STD/Desktop/courses/401d3/api-server/middleware/timestamp.js","statementMap":{"0":{"start":{"line":4,"column":2},"end":{"line":4,"column":42}},"1":{"start":{"line":5,"column":2},"end":{"line":5,"column":9}},"2":{"start":{"line":8,"column":0},"end":{"line":8,"column":27}}},"fnMap":{"0":{"name":"timestamp","decl":{"start":{"line":3,"column":9},"end":{"line":3,"column":18}},"loc":{"start":{"line":3,"column":35},"end":{"line":6,"column":1}},"line":3}},"branchMap":{},"s":{"0":15,"1":15,"2":2},"f":{"0":15},"b":{},"_coverageSchema":"1a1c01bbd47fc00a2c39e90264f33305004495a9","hash":"bfe65f713a95a90783860bafecf3855741001bdd"}
}
