{"/mnt/c/Users/STD/Desktop/courses/401d3/api-server/lib/server.js": {"path":"/mnt/c/Users/STD/Desktop/courses/401d3/api-server/lib/server.js","statementMap":{"0":{"start":{"line":2,"column":16},"end":{"line":2,"column":34}},"1":{"start":{"line":4,"column":13},"end":{"line":4,"column":28}},"2":{"start":{"line":7,"column":24},"end":{"line":7,"column":55}},"3":{"start":{"line":8,"column":22},"end":{"line":8,"column":50}},"4":{"start":{"line":9,"column":18},"end":{"line":9,"column":52}},"5":{"start":{"line":10,"column":15},"end":{"line":10,"column":46}},"6":{"start":{"line":11,"column":17},"end":{"line":11,"column":45}},"7":{"start":{"line":12,"column":17},"end":{"line":12,"column":45}},"8":{"start":{"line":14,"column":12},"end":{"line":14,"column":21}},"9":{"start":{"line":15,"column":0},"end":{"line":15,"column":16}},"10":{"start":{"line":16,"column":0},"end":{"line":16,"column":43}},"11":{"start":{"line":17,"column":0},"end":{"line":17,"column":24}},"12":{"start":{"line":18,"column":0},"end":{"line":18,"column":19}},"13":{"start":{"line":19,"column":0},"end":{"line":19,"column":16}},"14":{"start":{"line":21,"column":0},"end":{"line":23,"column":3}},"15":{"start":{"line":22,"column":2},"end":{"line":22,"column":31}},"16":{"start":{"line":25,"column":0},"end":{"line":25,"column":31}},"17":{"start":{"line":28,"column":0},"end":{"line":28,"column":39}},"18":{"start":{"line":29,"column":0},"end":{"line":29,"column":35}},"19":{"start":{"line":34,"column":2},"end":{"line":34,"column":33}},"20":{"start":{"line":39,"column":0},"end":{"line":39,"column":18}},"21":{"start":{"line":40,"column":0},"end":{"line":40,"column":18}},"22":{"start":{"line":43,"column":0},"end":{"line":46,"column":2}},"23":{"start":{"line":45,"column":26},"end":{"line":45,"column":103}},"24":{"start":{"line":45,"column":55},"end":{"line":45,"column":102}}},"fnMap":{"0":{"name":"(anonymous_0)","decl":{"start":{"line":21,"column":13},"end":{"line":21,"column":14}},"loc":{"start":{"line":21,"column":27},"end":{"line":23,"column":1}},"line":21},"1":{"name":"fakeError","decl":{"start":{"line":33,"column":9},"end":{"line":33,"column":18}},"loc":{"start":{"line":33,"column":32},"end":{"line":35,"column":1}},"line":33},"2":{"name":"(anonymous_2)","decl":{"start":{"line":45,"column":10},"end":{"line":45,"column":11}},"loc":{"start":{"line":45,"column":26},"end":{"line":45,"column":103}},"line":45},"3":{"name":"(anonymous_3)","decl":{"start":{"line":45,"column":49},"end":{"line":45,"column":50}},"loc":{"start":{"line":45,"column":55},"end":{"line":45,"column":102}},"line":45}},"branchMap":{},"s":{"0":1,"1":1,"2":1,"3":1,"4":1,"5":1,"6":1,"7":1,"8":1,"9":1,"10":1,"11":1,"12":1,"13":1,"14":1,"15":1,"16":1,"17":1,"18":1,"19":1,"20":1,"21":1,"22":1,"23":0,"24":0},"f":{"0":1,"1":1,"2":0,"3":0},"b":{},"_coverageSchema":"1a1c01bbd47fc00a2c39e90264f33305004495a9","hash":"d5af99cc979db73cdf27bf3798c9e08705f38370"}
,"/mnt/c/Users/STD/Desktop/courses/401d3/api-server/lib/models/mongo.js": {"path":"/mnt/c/Users/STD/Desktop/courses/401d3/api-server/lib/models/mongo.js","statementMap":{"0":{"start":{"line":10,"column":4},"end":{"line":10,"column":25}},"1":{"start":{"line":19,"column":22},"end":{"line":19,"column":40}},"2":{"start":{"line":20,"column":4},"end":{"line":20,"column":41}},"3":{"start":{"line":28,"column":20},"end":{"line":28,"column":43}},"4":{"start":{"line":29,"column":4},"end":{"line":29,"column":28}},"5":{"start":{"line":38,"column":4},"end":{"line":38,"column":69}},"6":{"start":{"line":47,"column":4},"end":{"line":47,"column":46}},"7":{"start":{"line":53,"column":0},"end":{"line":53,"column":23}}},"fnMap":{"0":{"name":"(anonymous_0)","decl":{"start":{"line":9,"column":2},"end":{"line":9,"column":3}},"loc":{"start":{"line":9,"column":22},"end":{"line":11,"column":3}},"line":9},"1":{"name":"(anonymous_1)","decl":{"start":{"line":18,"column":2},"end":{"line":18,"column":3}},"loc":{"start":{"line":18,"column":12},"end":{"line":21,"column":3}},"line":18},"2":{"name":"(anonymous_2)","decl":{"start":{"line":27,"column":2},"end":{"line":27,"column":3}},"loc":{"start":{"line":27,"column":16},"end":{"line":30,"column":3}},"line":27},"3":{"name":"(anonymous_3)","decl":{"start":{"line":37,"column":2},"end":{"line":37,"column":3}},"loc":{"start":{"line":37,"column":22},"end":{"line":39,"column":3}},"line":37},"4":{"name":"(anonymous_4)","decl":{"start":{"line":45,"column":2},"end":{"line":45,"column":3}},"loc":{"start":{"line":45,"column":14},"end":{"line":48,"column":3}},"line":45}},"branchMap":{"0":{"loc":{"start":{"line":19,"column":22},"end":{"line":19,"column":40}},"type":"cond-expr","locations":[{"start":{"line":19,"column":28},"end":{"line":19,"column":35}},{"start":{"line":19,"column":38},"end":{"line":19,"column":40}}],"line":19}},"s":{"0":2,"1":4,"2":4,"3":2,"4":2,"5":2,"6":2,"7":1},"f":{"0":2,"1":4,"2":2,"3":2,"4":2},"b":{"0":[2,2]},"_coverageSchema":"1a1c01bbd47fc00a2c39e90264f33305004495a9","hash":"8c2edd626255aff0c0ca83b2bc000fedeaf867d4"}
,"/mnt/c/Users/STD/Desktop/courses/401d3/api-server/lib/models/categories/categories.collection.js": {"path":"/mnt/c/Users/STD/Desktop/courses/401d3/api-server/lib/models/categories/categories.collection.js","statementMap":{"0":{"start":{"line":3,"column":14},"end":{"line":3,"column":33}},"1":{"start":{"line":4,"column":15},"end":{"line":4,"column":45}},"2":{"start":{"line":8,"column":4},"end":{"line":8,"column":18}},"3":{"start":{"line":12,"column":0},"end":{"line":12,"column":32}}},"fnMap":{"0":{"name":"(anonymous_0)","decl":{"start":{"line":7,"column":2},"end":{"line":7,"column":3}},"loc":{"start":{"line":7,"column":16},"end":{"line":9,"column":3}},"line":7}},"branchMap":{},"s":{"0":1,"1":1,"2":1,"3":1},"f":{"0":1},"b":{},"_coverageSchema":"1a1c01bbd47fc00a2c39e90264f33305004495a9","hash":"0ace31f468141a77856c0cc3d620c8b61c1b67c6"}
,"/mnt/c/Users/STD/Desktop/courses/401d3/api-server/lib/models/categories/categories.schema.js": {"path":"/mnt/c/Users/STD/Desktop/courses/401d3/api-server/lib/models/categories/categories.schema.js","statementMap":{"0":{"start":{"line":3,"column":17},"end":{"line":3,"column":36}},"1":{"start":{"line":5,"column":17},"end":{"line":8,"column":2}},"2":{"start":{"line":10,"column":0},"end":{"line":10,"column":54}}},"fnMap":{},"branchMap":{},"s":{"0":1,"1":1,"2":1},"f":{},"b":{},"_coverageSchema":"1a1c01bbd47fc00a2c39e90264f33305004495a9","hash":"435318efe922232c0d247c54820a3fe197098808"}
,"/mnt/c/Users/STD/Desktop/courses/401d3/api-server/lib/models/products/products.collection.js": {"path":"/mnt/c/Users/STD/Desktop/courses/401d3/api-server/lib/models/products/products.collection.js","statementMap":{"0":{"start":{"line":3,"column":14},"end":{"line":3,"column":33}},"1":{"start":{"line":4,"column":15},"end":{"line":4,"column":43}},"2":{"start":{"line":8,"column":4},"end":{"line":8,"column":18}},"3":{"start":{"line":12,"column":0},"end":{"line":12,"column":31}}},"fnMap":{"0":{"name":"(anonymous_0)","decl":{"start":{"line":7,"column":2},"end":{"line":7,"column":3}},"loc":{"start":{"line":7,"column":16},"end":{"line":9,"column":3}},"line":7}},"branchMap":{},"s":{"0":1,"1":1,"2":1,"3":1},"f":{"0":1},"b":{},"_coverageSchema":"1a1c01bbd47fc00a2c39e90264f33305004495a9","hash":"b56a276fb23131db0c3a777eefdbd8cdbbd72283"}
,"/mnt/c/Users/STD/Desktop/courses/401d3/api-server/lib/models/products/products.schema.js": {"path":"/mnt/c/Users/STD/Desktop/courses/401d3/api-server/lib/models/products/products.schema.js","statementMap":{"0":{"start":{"line":3,"column":17},"end":{"line":3,"column":36}},"1":{"start":{"line":5,"column":17},"end":{"line":11,"column":2}},"2":{"start":{"line":13,"column":0},"end":{"line":13,"column":54}}},"fnMap":{},"branchMap":{},"s":{"0":1,"1":1,"2":1},"f":{},"b":{},"_coverageSchema":"1a1c01bbd47fc00a2c39e90264f33305004495a9","hash":"d5eb8e5b6bbce979031b2427a868f6d46039f832"}
,"/mnt/c/Users/STD/Desktop/courses/401d3/api-server/middleware/404.js": {"path":"/mnt/c/Users/STD/Desktop/courses/401d3/api-server/middleware/404.js","statementMap":{"0":{"start":{"line":16,"column":2},"end":{"line":16,"column":18}},"1":{"start":{"line":17,"column":2},"end":{"line":20,"column":5}},"2":{"start":{"line":23,"column":0},"end":{"line":23,"column":33}}},"fnMap":{"0":{"name":"notFoundHandler","decl":{"start":{"line":15,"column":9},"end":{"line":15,"column":24}},"loc":{"start":{"line":15,"column":41},"end":{"line":21,"column":1}},"line":15}},"branchMap":{},"s":{"0":1,"1":1,"2":1},"f":{"0":1},"b":{},"_coverageSchema":"1a1c01bbd47fc00a2c39e90264f33305004495a9","hash":"149e889387f30debfdbaf72893f7a41e0ca8683a"}
,"/mnt/c/Users/STD/Desktop/courses/401d3/api-server/middleware/500.js": {"path":"/mnt/c/Users/STD/Desktop/courses/401d3/api-server/middleware/500.js","statementMap":{"0":{"start":{"line":17,"column":2},"end":{"line":17,"column":18}},"1":{"start":{"line":18,"column":2},"end":{"line":21,"column":5}},"2":{"start":{"line":24,"column":0},"end":{"line":24,"column":30}}},"fnMap":{"0":{"name":"errorHandler","decl":{"start":{"line":16,"column":9},"end":{"line":16,"column":21}},"loc":{"start":{"line":16,"column":43},"end":{"line":22,"column":1}},"line":16}},"branchMap":{},"s":{"0":1,"1":1,"2":1},"f":{"0":1},"b":{},"_coverageSchema":"1a1c01bbd47fc00a2c39e90264f33305004495a9","hash":"c3d9b7a003f34ea1693405ed1033cf403045b70b"}
,"/mnt/c/Users/STD/Desktop/courses/401d3/api-server/middleware/logger.js": {"path":"/mnt/c/Users/STD/Desktop/courses/401d3/api-server/middleware/logger.js","statementMap":{"0":{"start":{"line":17,"column":2},"end":{"line":17,"column":97}},"1":{"start":{"line":18,"column":2},"end":{"line":18,"column":9}},"2":{"start":{"line":22,"column":0},"end":{"line":22,"column":24}}},"fnMap":{"0":{"name":"logger","decl":{"start":{"line":16,"column":9},"end":{"line":16,"column":15}},"loc":{"start":{"line":16,"column":29},"end":{"line":19,"column":1}},"line":16}},"branchMap":{},"s":{"0":13,"1":13,"2":1},"f":{"0":13},"b":{},"_coverageSchema":"1a1c01bbd47fc00a2c39e90264f33305004495a9","hash":"baa3f6684187e4fd063475aefa3d15158ec1ef1f"}
,"/mnt/c/Users/STD/Desktop/courses/401d3/api-server/middleware/timestamp.js": {"path":"/mnt/c/Users/STD/Desktop/courses/401d3/api-server/middleware/timestamp.js","statementMap":{"0":{"start":{"line":17,"column":2},"end":{"line":17,"column":42}},"1":{"start":{"line":18,"column":2},"end":{"line":18,"column":9}},"2":{"start":{"line":21,"column":0},"end":{"line":21,"column":27}}},"fnMap":{"0":{"name":"timestamp","decl":{"start":{"line":16,"column":9},"end":{"line":16,"column":18}},"loc":{"start":{"line":16,"column":35},"end":{"line":19,"column":1}},"line":16}},"branchMap":{},"s":{"0":13,"1":13,"2":1},"f":{"0":13},"b":{},"_coverageSchema":"1a1c01bbd47fc00a2c39e90264f33305004495a9","hash":"f8049087e13a33608803adfc09801c35208d5706"}
,"/mnt/c/Users/STD/Desktop/courses/401d3/api-server/routes/categories.js": {"path":"/mnt/c/Users/STD/Desktop/courses/401d3/api-server/routes/categories.js","statementMap":{"0":{"start":{"line":3,"column":16},"end":{"line":3,"column":34}},"1":{"start":{"line":4,"column":15},"end":{"line":4,"column":31}},"2":{"start":{"line":6,"column":19},"end":{"line":6,"column":76}},"3":{"start":{"line":8,"column":0},"end":{"line":8,"column":35}},"4":{"start":{"line":9,"column":0},"end":{"line":9,"column":42}},"5":{"start":{"line":10,"column":0},"end":{"line":10,"column":37}},"6":{"start":{"line":11,"column":0},"end":{"line":11,"column":42}},"7":{"start":{"line":12,"column":0},"end":{"line":12,"column":48}},"8":{"start":{"line":17,"column":2},"end":{"line":24,"column":19}},"9":{"start":{"line":19,"column":19},"end":{"line":22,"column":7}},"10":{"start":{"line":23,"column":6},"end":{"line":23,"column":35}},"11":{"start":{"line":28,"column":16},"end":{"line":28,"column":24}},"12":{"start":{"line":29,"column":2},"end":{"line":32,"column":19}},"13":{"start":{"line":31,"column":6},"end":{"line":31,"column":33}},"14":{"start":{"line":36,"column":11},"end":{"line":36,"column":24}},"15":{"start":{"line":37,"column":2},"end":{"line":40,"column":19}},"16":{"start":{"line":39,"column":6},"end":{"line":39,"column":33}},"17":{"start":{"line":44,"column":20},"end":{"line":44,"column":28}},"18":{"start":{"line":45,"column":11},"end":{"line":45,"column":24}},"19":{"start":{"line":46,"column":2},"end":{"line":49,"column":19}},"20":{"start":{"line":48,"column":6},"end":{"line":48,"column":33}},"21":{"start":{"line":53,"column":11},"end":{"line":53,"column":24}},"22":{"start":{"line":54,"column":2},"end":{"line":57,"column":19}},"23":{"start":{"line":56,"column":6},"end":{"line":56,"column":45}},"24":{"start":{"line":60,"column":0},"end":{"line":60,"column":24}}},"fnMap":{"0":{"name":"categoriesGetFunc","decl":{"start":{"line":16,"column":9},"end":{"line":16,"column":26}},"loc":{"start":{"line":16,"column":43},"end":{"line":25,"column":1}},"line":16},"1":{"name":"(anonymous_1)","decl":{"start":{"line":18,"column":10},"end":{"line":18,"column":11}},"loc":{"start":{"line":18,"column":18},"end":{"line":24,"column":5}},"line":18},"2":{"name":"categoriesPostFunc","decl":{"start":{"line":27,"column":9},"end":{"line":27,"column":27}},"loc":{"start":{"line":27,"column":44},"end":{"line":33,"column":1}},"line":27},"3":{"name":"(anonymous_3)","decl":{"start":{"line":30,"column":10},"end":{"line":30,"column":11}},"loc":{"start":{"line":30,"column":18},"end":{"line":32,"column":5}},"line":30},"4":{"name":"categoriesGetByIDFunc","decl":{"start":{"line":35,"column":9},"end":{"line":35,"column":30}},"loc":{"start":{"line":35,"column":47},"end":{"line":41,"column":1}},"line":35},"5":{"name":"(anonymous_5)","decl":{"start":{"line":38,"column":10},"end":{"line":38,"column":11}},"loc":{"start":{"line":38,"column":18},"end":{"line":40,"column":5}},"line":38},"6":{"name":"categoriesPUTByIDFunc","decl":{"start":{"line":43,"column":9},"end":{"line":43,"column":30}},"loc":{"start":{"line":43,"column":47},"end":{"line":50,"column":1}},"line":43},"7":{"name":"(anonymous_7)","decl":{"start":{"line":47,"column":10},"end":{"line":47,"column":11}},"loc":{"start":{"line":47,"column":17},"end":{"line":49,"column":5}},"line":47},"8":{"name":"categoriesDeleteByIDFunc","decl":{"start":{"line":52,"column":9},"end":{"line":52,"column":33}},"loc":{"start":{"line":52,"column":50},"end":{"line":58,"column":1}},"line":52},"9":{"name":"(anonymous_9)","decl":{"start":{"line":55,"column":10},"end":{"line":55,"column":11}},"loc":{"start":{"line":55,"column":15},"end":{"line":57,"column":5}},"line":55}},"branchMap":{},"s":{"0":1,"1":1,"2":1,"3":1,"4":1,"5":1,"6":1,"7":1,"8":1,"9":1,"10":1,"11":1,"12":1,"13":1,"14":1,"15":1,"16":1,"17":1,"18":1,"19":1,"20":1,"21":1,"22":1,"23":1,"24":1},"f":{"0":1,"1":1,"2":1,"3":1,"4":1,"5":1,"6":1,"7":1,"8":1,"9":1},"b":{},"_coverageSchema":"1a1c01bbd47fc00a2c39e90264f33305004495a9","hash":"8fada1d667274740b723215ce7e934ade3c0e30e"}
,"/mnt/c/Users/STD/Desktop/courses/401d3/api-server/routes/product.js": {"path":"/mnt/c/Users/STD/Desktop/courses/401d3/api-server/routes/product.js","statementMap":{"0":{"start":{"line":3,"column":16},"end":{"line":3,"column":34}},"1":{"start":{"line":4,"column":15},"end":{"line":4,"column":31}},"2":{"start":{"line":6,"column":17},"end":{"line":6,"column":70}},"3":{"start":{"line":7,"column":0},"end":{"line":7,"column":33}},"4":{"start":{"line":8,"column":0},"end":{"line":8,"column":40}},"5":{"start":{"line":9,"column":0},"end":{"line":9,"column":35}},"6":{"start":{"line":10,"column":0},"end":{"line":10,"column":40}},"7":{"start":{"line":11,"column":0},"end":{"line":11,"column":46}},"8":{"start":{"line":15,"column":2},"end":{"line":22,"column":19}},"9":{"start":{"line":17,"column":19},"end":{"line":20,"column":7}},"10":{"start":{"line":21,"column":6},"end":{"line":21,"column":35}},"11":{"start":{"line":26,"column":16},"end":{"line":26,"column":24}},"12":{"start":{"line":27,"column":2},"end":{"line":30,"column":19}},"13":{"start":{"line":29,"column":6},"end":{"line":29,"column":33}},"14":{"start":{"line":34,"column":11},"end":{"line":34,"column":24}},"15":{"start":{"line":35,"column":2},"end":{"line":38,"column":19}},"16":{"start":{"line":37,"column":6},"end":{"line":37,"column":33}},"17":{"start":{"line":42,"column":20},"end":{"line":42,"column":28}},"18":{"start":{"line":43,"column":11},"end":{"line":43,"column":24}},"19":{"start":{"line":44,"column":2},"end":{"line":47,"column":19}},"20":{"start":{"line":46,"column":6},"end":{"line":46,"column":33}},"21":{"start":{"line":51,"column":11},"end":{"line":51,"column":24}},"22":{"start":{"line":52,"column":2},"end":{"line":55,"column":19}},"23":{"start":{"line":54,"column":6},"end":{"line":54,"column":45}},"24":{"start":{"line":59,"column":0},"end":{"line":59,"column":24}}},"fnMap":{"0":{"name":"productsGetFunc","decl":{"start":{"line":14,"column":9},"end":{"line":14,"column":24}},"loc":{"start":{"line":14,"column":40},"end":{"line":23,"column":1}},"line":14},"1":{"name":"(anonymous_1)","decl":{"start":{"line":16,"column":10},"end":{"line":16,"column":11}},"loc":{"start":{"line":16,"column":18},"end":{"line":22,"column":5}},"line":16},"2":{"name":"productsPostFunc","decl":{"start":{"line":25,"column":9},"end":{"line":25,"column":25}},"loc":{"start":{"line":25,"column":41},"end":{"line":31,"column":1}},"line":25},"3":{"name":"(anonymous_3)","decl":{"start":{"line":28,"column":10},"end":{"line":28,"column":11}},"loc":{"start":{"line":28,"column":18},"end":{"line":30,"column":5}},"line":28},"4":{"name":"productsGetByIDFunc","decl":{"start":{"line":33,"column":9},"end":{"line":33,"column":28}},"loc":{"start":{"line":33,"column":44},"end":{"line":39,"column":1}},"line":33},"5":{"name":"(anonymous_5)","decl":{"start":{"line":36,"column":10},"end":{"line":36,"column":11}},"loc":{"start":{"line":36,"column":18},"end":{"line":38,"column":5}},"line":36},"6":{"name":"productsPUTByIDFunc","decl":{"start":{"line":41,"column":9},"end":{"line":41,"column":28}},"loc":{"start":{"line":41,"column":44},"end":{"line":48,"column":1}},"line":41},"7":{"name":"(anonymous_7)","decl":{"start":{"line":45,"column":10},"end":{"line":45,"column":11}},"loc":{"start":{"line":45,"column":17},"end":{"line":47,"column":5}},"line":45},"8":{"name":"productsDeleteByIDFunc","decl":{"start":{"line":50,"column":9},"end":{"line":50,"column":31}},"loc":{"start":{"line":50,"column":47},"end":{"line":56,"column":1}},"line":50},"9":{"name":"(anonymous_9)","decl":{"start":{"line":53,"column":10},"end":{"line":53,"column":11}},"loc":{"start":{"line":53,"column":15},"end":{"line":55,"column":5}},"line":53}},"branchMap":{},"s":{"0":1,"1":1,"2":1,"3":1,"4":1,"5":1,"6":1,"7":1,"8":1,"9":1,"10":1,"11":1,"12":1,"13":1,"14":1,"15":1,"16":1,"17":1,"18":1,"19":1,"20":1,"21":1,"22":1,"23":1,"24":1},"f":{"0":1,"1":1,"2":1,"3":1,"4":1,"5":1,"6":1,"7":1,"8":1,"9":1},"b":{},"_coverageSchema":"1a1c01bbd47fc00a2c39e90264f33305004495a9","hash":"43c69af5476dec38a4fff718b68760e9caf76a36"}
}
