TN:
SF:lib/server.js
FN:21,(anonymous_0)
FN:33,fakeError
FN:45,(anonymous_2)
FN:45,(anonymous_3)
FNF:4
FNH:2
FNDA:1,(anonymous_0)
FNDA:1,fakeError
FNDA:0,(anonymous_2)
FNDA:0,(anonymous_3)
DA:2,1
DA:4,1
DA:7,1
DA:8,1
DA:9,1
DA:10,1
DA:11,1
DA:12,1
DA:14,1
DA:15,1
DA:16,1
DA:17,1
DA:18,1
DA:19,1
DA:21,1
DA:22,1
DA:25,1
DA:28,1
DA:29,1
DA:34,1
DA:39,1
DA:40,1
DA:43,1
DA:45,0
LF:24
LH:23
BRF:0
BRH:0
end_of_record
TN:
SF:lib/models/mongo.js
FN:18,(anonymous_0)
FN:27,(anonymous_1)
FN:36,(anonymous_2)
FN:46,(anonymous_3)
FN:54,(anonymous_4)
FNF:5
FNH:5
FNDA:7,(anonymous_0)
FNDA:17,(anonymous_1)
FNDA:19,(anonymous_2)
FNDA:7,(anonymous_3)
FNDA:7,(anonymous_4)
DA:19,7
DA:28,17
DA:29,17
DA:37,19
DA:38,19
DA:47,7
DA:56,7
DA:62,6
LF:8
LH:8
BRDA:28,0,0,7
BRDA:28,0,1,10
BRF:2
BRH:2
end_of_record
TN:
SF:lib/models/categories/categories.collection.js
FN:7,(anonymous_0)
FNF:1
FNH:1
FNDA:3,(anonymous_0)
DA:3,3
DA:4,3
DA:8,3
DA:12,3
LF:4
LH:4
BRF:0
BRH:0
end_of_record
TN:
SF:lib/models/categories/categories.schema.js
FNF:0
FNH:0
DA:12,3
DA:14,3
DA:19,3
LF:3
LH:3
BRF:0
BRH:0
end_of_record
TN:
SF:lib/models/products/products.collection.js
FN:7,(anonymous_0)
FNF:1
FNH:1
FNDA:3,(anonymous_0)
DA:3,3
DA:4,3
DA:8,3
DA:12,3
LF:4
LH:4
BRF:0
BRH:0
end_of_record
TN:
SF:lib/models/products/products.schema.js
FNF:0
FNH:0
DA:15,3
DA:17,3
DA:25,3
LF:3
LH:3
BRF:0
BRH:0
end_of_record
TN:
SF:middleware/404.js
FN:15,notFoundHandler
FNF:1
FNH:1
FNDA:2,notFoundHandler
DA:16,2
DA:17,2
DA:23,2
LF:3
LH:3
BRF:0
BRH:0
end_of_record
TN:
SF:middleware/500.js
FN:16,errorHandler
FNF:1
FNH:1
FNDA:2,errorHandler
DA:17,2
DA:18,2
DA:24,2
LF:3
LH:3
BRF:0
BRH:0
end_of_record
TN:
SF:middleware/logger.js
FN:16,logger
FNF:1
FNH:1
FNDA:15,logger
DA:17,15
DA:18,15
DA:22,2
LF:3
LH:3
BRF:0
BRH:0
end_of_record
TN:
SF:middleware/timestamp.js
FN:16,timestamp
FNF:1
FNH:1
FNDA:15,timestamp
DA:17,15
DA:18,15
DA:21,2
LF:3
LH:3
BRF:0
BRH:0
end_of_record
TN:
SF:routes/categories.js
FN:16,categoriesGetFunc
FN:18,(anonymous_1)
FN:27,categoriesPostFunc
FN:30,(anonymous_3)
FN:35,categoriesGetByIDFunc
FN:38,(anonymous_5)
FN:43,categoriesPUTByIDFunc
FN:47,(anonymous_7)
FN:52,categoriesDeleteByIDFunc
FN:55,(anonymous_9)
FNF:10
FNH:10
FNDA:2,categoriesGetFunc
FNDA:2,(anonymous_1)
FNDA:2,categoriesPostFunc
FNDA:2,(anonymous_3)
FNDA:2,categoriesGetByIDFunc
FNDA:2,(anonymous_5)
FNDA:2,categoriesPUTByIDFunc
FNDA:2,(anonymous_7)
FNDA:2,categoriesDeleteByIDFunc
FNDA:2,(anonymous_9)
DA:3,2
DA:4,2
DA:6,2
DA:8,2
DA:9,2
DA:10,2
DA:11,2
DA:12,2
DA:17,2
DA:19,2
DA:23,2
DA:28,2
DA:29,2
DA:31,2
DA:36,2
DA:37,2
DA:39,2
DA:44,2
DA:45,2
DA:46,2
DA:48,2
DA:53,2
DA:54,2
DA:56,2
DA:60,2
LF:25
LH:25
BRF:0
BRH:0
end_of_record
TN:
SF:routes/product.js
FN:14,productsGetFunc
FN:16,(anonymous_1)
FN:25,productsPostFunc
FN:28,(anonymous_3)
FN:33,productsGetByIDFunc
FN:36,(anonymous_5)
FN:41,productsPUTByIDFunc
FN:45,(anonymous_7)
FN:50,productsDeleteByIDFunc
FN:53,(anonymous_9)
FNF:10
FNH:10
FNDA:2,productsGetFunc
FNDA:2,(anonymous_1)
FNDA:2,productsPostFunc
FNDA:2,(anonymous_3)
FNDA:2,productsGetByIDFunc
FNDA:2,(anonymous_5)
FNDA:2,productsPUTByIDFunc
FNDA:2,(anonymous_7)
FNDA:2,productsDeleteByIDFunc
FNDA:2,(anonymous_9)
DA:3,2
DA:4,2
DA:6,2
DA:7,2
DA:8,2
DA:9,2
DA:10,2
DA:11,2
DA:15,2
DA:17,2
DA:21,2
DA:26,2
DA:27,2
DA:29,2
DA:34,2
DA:35,2
DA:37,2
DA:42,2
DA:43,2
DA:44,2
DA:46,2
DA:51,2
DA:52,2
DA:54,2
DA:59,2
LF:25
LH:25
BRF:0
BRH:0
end_of_record
