TN:
SF:lib/server.js
FN:16,(anonymous_0)
FN:36,fakeError
FN:45,categoriesGetFunc
FN:49,categoriesPostFunc
FN:55,categoriesGetByIDFunc
FN:60,categoriesPUTByIDFunc
FN:67,categoriesDeleteByIDFunc
FN:75,productsGetFunc
FN:79,productsPostFunc
FN:86,productsGetByIDFunc
FN:91,productsPUTByIDFunc
FN:98,productsDeleteByIDFunc
FN:111,(anonymous_12)
FN:111,(anonymous_13)
FNF:14
FNH:12
FNDA:1,(anonymous_0)
FNDA:1,fakeError
FNDA:1,categoriesGetFunc
FNDA:1,categoriesPostFunc
FNDA:1,categoriesGetByIDFunc
FNDA:1,categoriesPUTByIDFunc
FNDA:1,categoriesDeleteByIDFunc
FNDA:1,productsGetFunc
FNDA:1,productsPostFunc
FNDA:1,productsGetByIDFunc
FNDA:1,productsPUTByIDFunc
FNDA:1,productsDeleteByIDFunc
FNDA:0,(anonymous_12)
FNDA:0,(anonymous_13)
DA:2,1
DA:3,1
DA:4,1
DA:6,1
DA:7,1
DA:8,1
DA:9,1
DA:11,1
DA:12,1
DA:13,1
DA:14,1
DA:16,1
DA:17,1
DA:21,1
DA:22,1
DA:23,1
DA:24,1
DA:25,1
DA:27,1
DA:28,1
DA:29,1
DA:30,1
DA:31,1
DA:33,1
DA:37,1
DA:42,1
DA:43,1
DA:46,1
DA:50,1
DA:51,1
DA:52,1
DA:56,1
DA:57,1
DA:61,1
DA:62,1
DA:63,1
DA:64,1
DA:68,1
DA:69,1
DA:70,1
DA:76,1
DA:80,1
DA:81,1
DA:82,1
DA:87,1
DA:88,1
DA:92,1
DA:93,1
DA:94,1
DA:95,1
DA:99,1
DA:100,1
DA:101,1
DA:105,1
DA:106,1
DA:109,1
DA:111,0
LF:57
LH:56
BRF:0
BRH:0
end_of_record
TN:
SF:middleware/404.js
FN:4,notFoundHandler
FNF:1
FNH:1
FNDA:2,notFoundHandler
DA:5,2
DA:6,2
DA:12,2
LF:3
LH:3
BRF:0
BRH:0
end_of_record
TN:
SF:middleware/500.js
FN:3,errorHandler
FNF:1
FNH:1
FNDA:2,errorHandler
DA:4,2
DA:5,2
DA:11,2
LF:3
LH:3
BRF:0
BRH:0
end_of_record
TN:
SF:middleware/logger.js
FN:3,logger
FNF:1
FNH:1
FNDA:15,logger
DA:4,15
DA:5,15
DA:9,2
LF:3
LH:3
BRF:0
BRH:0
end_of_record
TN:
SF:middleware/timestamp.js
FN:3,timestamp
FNF:1
FNH:1
FNDA:15,timestamp
DA:4,15
DA:5,15
DA:8,2
LF:3
LH:3
BRF:0
BRH:0
end_of_record
